2025-02-25 14:32:49,856 - INFO - Preparing data for training...
2025-02-25 14:32:49,856 - INFO - Loading data from /Users/konstantinkuts/Library/CloudStorage/GoogleDrive-karzuan@gmail.com/My Drive/Colab Notebooks/EPAM DS foundations course/DS_module8/MLE_basic_example/data/xor_train_data.csv...
2025-02-25 14:32:51,476 - INFO - Random sampling performed. Sample size: 50
2025-02-25 14:32:51,476 - INFO - Running training...
2025-02-25 14:32:51,476 - INFO - Splitting data into training and test sets...
2025-02-25 14:32:51,478 - INFO - Training the model...
2025-02-25 14:32:51,480 - INFO - Training completed in 0.002708911895751953 seconds.
2025-02-25 14:32:51,481 - INFO - Testing the model...
2025-02-25 14:32:51,483 - INFO - f1_score: 1.0
2025-02-25 14:32:51,484 - INFO - Saving the model...
2025-02-28 13:23:24,922 - INFO - Starting script...
2025-02-28 13:23:25,517 - INFO - Generating features...
2025-02-28 13:23:32,068 - INFO - Generating target...
2025-02-28 13:23:32,074 - INFO - Test-train split...
2025-02-28 13:23:32,082 - INFO - Saving data to <module 'posixpath' (frozen)>...
2025-02-28 13:23:33,420 - INFO - Script completed successfully.
2025-03-02 15:18:45,290 - INFO - Preparing data for training...
2025-03-02 15:18:45,292 - INFO - Loading data from /Users/konstantinkuts/Library/CloudStorage/GoogleDrive-karzuan@gmail.com/My Drive/Colab Notebooks/EPAM DS foundations course/DS_module8/MLE_basic_example/data/iris_train_data.csv...
2025-03-02 15:18:45,302 - INFO - Size of dataframe is less than max_rows. Skipping sampling.
2025-03-02 15:18:45,302 - INFO - Running training...
2025-03-02 15:18:45,302 - INFO - Splitting data into training and test sets...
2025-03-02 15:44:43,324 - INFO - Preparing data for training...
2025-03-02 15:44:43,325 - INFO - Loading data from /Users/konstantinkuts/Library/CloudStorage/GoogleDrive-karzuan@gmail.com/My Drive/Colab Notebooks/EPAM DS foundations course/DS_module8/MLE_basic_example/data/iris_train_data.csv...
2025-03-02 15:44:43,331 - INFO - Size of dataframe is less than max_rows. Skipping sampling.
2025-03-02 15:44:43,332 - INFO - Running training...
2025-03-02 15:44:43,332 - INFO - Splitting data into training and test sets...
2025-03-02 15:48:12,380 - INFO - Preparing data for training...
2025-03-02 15:48:12,381 - INFO - Loading data from /Users/konstantinkuts/Library/CloudStorage/GoogleDrive-karzuan@gmail.com/My Drive/Colab Notebooks/EPAM DS foundations course/DS_module8/MLE_basic_example/data/iris_train_data.csv...
2025-03-02 15:48:12,399 - INFO - Size of dataframe is less than max_rows. Skipping sampling.
2025-03-02 15:48:12,399 - INFO - Running training...
2025-03-02 15:48:12,399 - INFO - Splitting data into training and test sets...
2025-03-02 15:49:23,491 - INFO - Preparing data for training...
2025-03-02 15:49:23,492 - INFO - Loading data from /Users/konstantinkuts/Library/CloudStorage/GoogleDrive-karzuan@gmail.com/My Drive/Colab Notebooks/EPAM DS foundations course/DS_module8/MLE_basic_example/data/iris_train_data.csv...
2025-03-02 15:49:23,512 - INFO - Size of dataframe is less than max_rows. Skipping sampling.
2025-03-02 15:49:23,512 - INFO - Running training...
2025-03-02 15:49:23,512 - INFO - Splitting data into training and test sets...
2025-03-02 15:49:23,524 - INFO - Training the model...
2025-03-02 15:49:24,272 - INFO - Training completed in 0.7479989528656006 seconds.
2025-03-02 15:49:24,272 - INFO - Testing the model...
2025-03-02 15:49:24,315 - INFO - test results: [{'test_loss': 0.6670382618904114, 'test_acc': 0.9375}]
2025-03-02 15:49:24,315 - INFO - Saving the model...
2025-03-02 16:17:53,393 - INFO - Preparing data for training...
2025-03-02 16:17:53,395 - INFO - Loading data from /Users/konstantinkuts/Library/CloudStorage/GoogleDrive-karzuan@gmail.com/My Drive/Colab Notebooks/EPAM DS foundations course/DS_module8/MLE_basic_example/data/iris_train_data.csv...
2025-03-02 16:17:53,409 - INFO - Random sampling performed. Sample size: 50
2025-03-02 16:17:53,409 - INFO - Running training...
2025-03-02 16:17:53,409 - INFO - Splitting data into training and test sets...
2025-03-02 16:17:53,417 - INFO - Training the model...
2025-03-02 16:17:54,047 - INFO - Training completed in 0.6291780471801758 seconds.
2025-03-02 16:17:54,047 - INFO - Testing the model...
2025-03-02 16:17:54,090 - INFO - test results: [{'test_loss': 0.926604688167572, 'test_acc': 0.6000000238418579}]
2025-03-02 16:17:54,090 - INFO - Saving the model...
2025-03-02 16:20:06,043 - INFO - Preparing data for training...
2025-03-02 16:20:06,043 - INFO - Loading data from /Users/konstantinkuts/Library/CloudStorage/GoogleDrive-karzuan@gmail.com/My Drive/Colab Notebooks/EPAM DS foundations course/DS_module8/MLE_basic_example/data/iris_train_data.csv...
2025-03-02 16:20:06,046 - INFO - Random sampling performed. Sample size: 50
2025-03-02 16:20:06,046 - INFO - Running training...
2025-03-02 16:20:06,046 - INFO - Splitting data into training and test sets...
2025-03-02 16:20:06,047 - INFO - Training the model...
2025-03-02 16:20:06,254 - INFO - Training completed in 0.20696330070495605 seconds.
2025-03-02 16:20:06,254 - INFO - Testing the model...
2025-03-02 16:20:06,273 - INFO - test results: [{'test_loss': 1.047338604927063, 'test_acc': 0.3333333432674408}]
2025-03-02 16:20:06,273 - INFO - Saving the model...
2025-03-02 16:20:16,771 - INFO - Preparing data for training...
2025-03-02 16:20:16,771 - INFO - Loading data from /Users/konstantinkuts/Library/CloudStorage/GoogleDrive-karzuan@gmail.com/My Drive/Colab Notebooks/EPAM DS foundations course/DS_module8/MLE_basic_example/data/iris_train_data.csv...
2025-03-02 16:20:16,774 - INFO - Random sampling performed. Sample size: 50
2025-03-02 16:20:16,774 - INFO - Running training...
2025-03-02 16:20:16,774 - INFO - Splitting data into training and test sets...
2025-03-02 16:20:16,775 - INFO - Training the model...
2025-03-02 16:20:16,966 - INFO - Training completed in 0.19092488288879395 seconds.
2025-03-02 16:20:16,966 - INFO - Testing the model...
2025-03-02 16:20:16,981 - INFO - test results: [{'test_loss': 0.8728197813034058, 'test_acc': 0.7333333492279053}]
2025-03-02 16:20:16,981 - INFO - Saving the model...
2025-03-02 16:20:31,901 - INFO - Preparing data for training...
2025-03-02 16:20:31,901 - INFO - Loading data from /Users/konstantinkuts/Library/CloudStorage/GoogleDrive-karzuan@gmail.com/My Drive/Colab Notebooks/EPAM DS foundations course/DS_module8/MLE_basic_example/data/iris_train_data.csv...
2025-03-02 16:20:31,903 - INFO - Random sampling performed. Sample size: 50
2025-03-02 16:20:31,904 - INFO - Running training...
2025-03-02 16:20:31,904 - INFO - Splitting data into training and test sets...
2025-03-02 16:20:31,905 - INFO - Training the model...
2025-03-02 16:20:32,113 - INFO - Training completed in 0.20788311958312988 seconds.
2025-03-02 16:20:32,113 - INFO - Testing the model...
2025-03-02 16:20:32,131 - INFO - test results: [{'test_loss': 1.0111802816390991, 'test_acc': 0.6000000238418579}]
2025-03-02 16:20:32,131 - INFO - Saving the model...
2025-03-02 16:20:39,427 - INFO - Preparing data for training...
2025-03-02 16:20:39,427 - INFO - Loading data from /Users/konstantinkuts/Library/CloudStorage/GoogleDrive-karzuan@gmail.com/My Drive/Colab Notebooks/EPAM DS foundations course/DS_module8/MLE_basic_example/data/iris_train_data.csv...
2025-03-02 16:20:39,430 - INFO - Random sampling performed. Sample size: 50
2025-03-02 16:20:39,430 - INFO - Running training...
2025-03-02 16:20:39,430 - INFO - Splitting data into training and test sets...
2025-03-02 16:20:39,432 - INFO - Training the model...
2025-03-02 16:20:39,631 - INFO - Training completed in 0.1991267204284668 seconds.
2025-03-02 16:20:39,631 - INFO - Testing the model...
2025-03-02 16:20:39,648 - INFO - test results: [{'test_loss': 0.9823076725006104, 'test_acc': 0.46666666865348816}]
2025-03-02 16:20:39,648 - INFO - Saving the model...
2025-03-02 16:20:46,358 - INFO - Preparing data for training...
2025-03-02 16:20:46,358 - INFO - Loading data from /Users/konstantinkuts/Library/CloudStorage/GoogleDrive-karzuan@gmail.com/My Drive/Colab Notebooks/EPAM DS foundations course/DS_module8/MLE_basic_example/data/iris_train_data.csv...
2025-03-02 16:20:46,360 - INFO - Random sampling performed. Sample size: 50
2025-03-02 16:20:46,360 - INFO - Running training...
2025-03-02 16:20:46,360 - INFO - Splitting data into training and test sets...
2025-03-02 16:20:46,362 - INFO - Training the model...
2025-03-02 16:20:46,553 - INFO - Training completed in 0.19126582145690918 seconds.
2025-03-02 16:20:46,553 - INFO - Testing the model...
2025-03-02 16:20:46,567 - INFO - test results: [{'test_loss': 0.9111383557319641, 'test_acc': 0.6000000238418579}]
2025-03-02 16:20:46,567 - INFO - Saving the model...
2025-03-02 16:21:01,264 - INFO - Preparing data for training...
2025-03-02 16:21:01,264 - INFO - Loading data from /Users/konstantinkuts/Library/CloudStorage/GoogleDrive-karzuan@gmail.com/My Drive/Colab Notebooks/EPAM DS foundations course/DS_module8/MLE_basic_example/data/iris_train_data.csv...
2025-03-02 16:21:01,266 - INFO - Random sampling performed. Sample size: 70
2025-03-02 16:21:01,266 - INFO - Running training...
2025-03-02 16:21:01,266 - INFO - Splitting data into training and test sets...
2025-03-02 16:21:01,268 - INFO - Training the model...
2025-03-02 16:21:01,456 - INFO - Training completed in 0.18790292739868164 seconds.
2025-03-02 16:21:01,456 - INFO - Testing the model...
2025-03-02 16:21:01,469 - INFO - test results: [{'test_loss': 1.0698012113571167, 'test_acc': 0.1428571492433548}]
2025-03-02 16:21:01,469 - INFO - Saving the model...
2025-03-02 16:21:26,281 - INFO - Preparing data for training...
2025-03-02 16:21:26,281 - INFO - Loading data from /Users/konstantinkuts/Library/CloudStorage/GoogleDrive-karzuan@gmail.com/My Drive/Colab Notebooks/EPAM DS foundations course/DS_module8/MLE_basic_example/data/iris_train_data.csv...
2025-03-02 16:21:26,284 - INFO - Random sampling performed. Sample size: 80
2025-03-02 16:21:26,284 - INFO - Running training...
2025-03-02 16:21:26,284 - INFO - Splitting data into training and test sets...
2025-03-02 16:21:26,286 - INFO - Training the model...
2025-03-02 16:21:26,477 - INFO - Training completed in 0.19176101684570312 seconds.
2025-03-02 16:21:26,478 - INFO - Testing the model...
2025-03-02 16:21:26,492 - INFO - test results: [{'test_loss': 0.836489737033844, 'test_acc': 0.9166666865348816}]
2025-03-02 16:21:26,492 - INFO - Saving the model...
2025-03-02 16:23:04,389 - INFO - Preparing data for training...
2025-03-02 16:23:04,389 - INFO - Loading data from /Users/konstantinkuts/Library/CloudStorage/GoogleDrive-karzuan@gmail.com/My Drive/Colab Notebooks/EPAM DS foundations course/DS_module8/MLE_basic_example/data/iris_train_data.csv...
2025-03-02 16:23:04,392 - INFO - Random sampling performed. Sample size: 105
2025-03-02 16:23:04,392 - INFO - Running training...
2025-03-02 16:23:04,392 - INFO - Splitting data into training and test sets...
2025-03-02 16:23:04,393 - INFO - Training the model...
2025-03-02 16:23:04,637 - INFO - Training completed in 0.24410200119018555 seconds.
2025-03-02 16:23:04,637 - INFO - Testing the model...
2025-03-02 16:23:04,658 - INFO - test results: [{'test_loss': 0.5277896523475647, 'test_acc': 0.875}]
2025-03-02 16:23:04,659 - INFO - Saving the model...
2025-03-02 17:18:23,598 - INFO - Preparing data for training...
2025-03-02 17:18:23,599 - INFO - Loading data from /Users/konstantinkuts/Library/CloudStorage/GoogleDrive-karzuan@gmail.com/My Drive/Colab Notebooks/EPAM DS foundations course/DS_module8/MLE_basic_example/data/iris_train_data.csv...
2025-03-02 17:18:23,609 - INFO - Random sampling performed. Sample size: 105
2025-03-02 17:18:23,610 - INFO - Running training...
2025-03-02 17:18:23,610 - INFO - Splitting data into training and test sets...
2025-03-02 17:18:23,614 - INFO - Training the model...
2025-03-02 17:18:23,956 - INFO - Training completed in 0.34273815155029297 seconds.
2025-03-02 17:18:23,957 - INFO - Testing the model...
2025-03-02 17:18:23,980 - INFO - test results: [{'test_loss': 0.7693321108818054, 'test_acc': 0.625}]
2025-03-02 17:18:23,980 - INFO - Saving the model...
2025-03-02 17:18:23,980 - INFO - Model saved at: /Users/konstantinkuts/Library/CloudStorage/GoogleDrive-karzuan@gmail.com/My Drive/Colab Notebooks/EPAM DS foundations course/DS_module8/MLE_basic_example/models/02.03.2025_17.18.pickle
2025-03-02 20:16:56,730 - INFO - Preparing data for training...
2025-03-02 20:16:57,461 - INFO - Loading data from /Users/konstantinkuts/Library/CloudStorage/GoogleDrive-karzuan@gmail.com/My Drive/Colab Notebooks/EPAM DS foundations course/DS_module8/MLE_basic_example/data/iris_train_data.csv...
2025-03-02 20:16:58,826 - INFO - Random sampling performed. Sample size: 105
2025-03-02 20:16:58,826 - INFO - Running training...
2025-03-02 20:16:58,826 - INFO - Splitting data into training and test sets...
2025-03-02 20:16:58,833 - INFO - Training the model...
2025-03-02 20:16:59,492 - INFO - Training completed in 0.6588902473449707 seconds.
2025-03-02 20:16:59,492 - INFO - Testing the model...
2025-03-02 20:16:59,536 - INFO - test results: [{'test_loss': 0.6733009815216064, 'test_acc': 0.78125}]
2025-03-02 20:16:59,536 - INFO - Saving the model...
2025-03-02 20:16:59,536 - INFO - Model saved at: /Users/konstantinkuts/Library/CloudStorage/GoogleDrive-karzuan@gmail.com/My Drive/Colab Notebooks/EPAM DS foundations course/DS_module8/MLE_basic_example/models/02.03.2025_20.16.pickle
2025-03-02 22:00:25,311 - ERROR - An error occurred while loading the model: Can't get attribute 'IrisModel' on <module '__main__' from '/Users/konstantinkuts/Library/CloudStorage/GoogleDrive-karzuan@gmail.com/My Drive/Colab Notebooks/EPAM DS foundations course/DS_module8/MLE_basic_example/inference/run.py'>
2025-03-02 22:15:13,763 - INFO - Latest model: 02.03.2025_20.16.pickle
2025-03-02 22:15:13,765 - ERROR - An error occurred while loading the model: Can't get attribute 'IrisModel' on <module '__main__' from '/Users/konstantinkuts/Library/CloudStorage/GoogleDrive-karzuan@gmail.com/My Drive/Colab Notebooks/EPAM DS foundations course/DS_module8/MLE_basic_example/inference/run.py'>
2025-03-02 22:19:33,291 - INFO - Latest model: 02.03.2025_20.16.pickle
2025-03-02 22:19:33,299 - INFO - Path of the model: /Users/konstantinkuts/Library/CloudStorage/GoogleDrive-karzuan@gmail.com/My Drive/Colab Notebooks/EPAM DS foundations course/DS_module8/MLE_basic_example/models/02.03.2025_20.16.pickle
